<?xml version="1.0" encoding="utf-8" standalone="no"?>
<test-results xmlns:xsi="http://www.w3.org/2001/XMLSchema-instance" xsi:noNamespaceSchemaLocation="nunit_schema_2.5.xsd" name="Pester" total="215" errors="0" failures="0" not-run="0" inconclusive="0" ignored="0" skipped="33" invalid="0" date="2026-05-18" time="20:30:35">
  <environment machine-name="TKOAM-PCWN-0060" clr-version="10.0.7" user="kurone-kito" nunit-version="2.5.8.0" user-domain="" os-version="6.6.114.1-microsoft-standard-WSL2" cwd="/home/kurone-kito/ghq/github.com/kurone-kito/dotfiles" platform="Linux" />
  <culture-info current-culture="ja-JP" current-uiculture="ja-JP" />
  <test-suite type="TestFixture" name="Pester" executed="True" result="Ignored" success="True" time="210.5411" asserts="0" description="Pester">
    <results>
      <test-suite type="TestFixture" name="/home/kurone-kito/ghq/github.com/kurone-kito/dotfiles/tests/powershell/00-env.Tests.ps1" executed="True" result="Success" success="True" time="1.5752" asserts="0" description="/home/kurone-kito/ghq/github.com/kurone-kito/dotfiles/tests/powershell/00-env.Tests.ps1">
        <results>
          <test-suite type="TestFixture" name="00-env" executed="True" result="Success" success="True" time="0.9035" asserts="0" description="00-env">
            <results>
              <test-case description="uses the preserved Emacs edit mode and History prediction for PSReadLine 2.2+" name="00-env.uses the preserved Emacs edit mode and History prediction for PSReadLine 2.2+" time="0.2295" asserts="0" success="True" result="Success" executed="True" />
              <test-case description="omits PredictionSource for PSReadLine older than 2.2" name="00-env.omits PredictionSource for PSReadLine older than 2.2" time="0.026" asserts="0" success="True" result="Success" executed="True" />
              <test-case description="applies startup actions immediately in a ready non-psmux host" name="00-env.applies startup actions immediately in a ready non-psmux host" time="0.0677" asserts="0" success="True" result="Success" executed="True" />
              <test-case description="registers deferred startup actions when PSReadLine is not ready yet" name="00-env.registers deferred startup actions when PSReadLine is not ready yet" time="0.0234" asserts="0" success="True" result="Success" executed="True" />
              <test-case description="registers deferred startup actions for psmux even after immediate apply" name="00-env.registers deferred startup actions for psmux even after immediate apply" time="0.0242" asserts="0" success="True" result="Success" executed="True" />
              <test-case description="passes PSReadLine option settings through the startup helper" name="00-env.passes PSReadLine option settings through the startup helper" time="0.0325" asserts="0" success="True" result="Success" executed="True" />
              <test-case description="reuses a single OnIdle subscription for multiple startup actions" name="00-env.reuses a single OnIdle subscription for multiple startup actions" time="0.443" asserts="0" success="True" result="Success" executed="True" />
            </results>
          </test-suite>
          <test-suite type="TestFixture" name="Test-DotfilesVSCodeTerminal" executed="True" result="Success" success="True" time="0.9798" asserts="0" description="Test-DotfilesVSCodeTerminal">
            <results>
              <test-case description="returns $true when TERM_PROGRAM is vscode" name="Test-DotfilesVSCodeTerminal.returns $true when TERM_PROGRAM is vscode" time="0.0145" asserts="0" success="True" result="Success" executed="True" />
              <test-case description="returns $false when TERM_PROGRAM is not vscode" name="Test-DotfilesVSCodeTerminal.returns $false when TERM_PROGRAM is not vscode" time="0.0192" asserts="0" success="True" result="Success" executed="True" />
              <test-case description="returns $false when TERM_PROGRAM is empty" name="Test-DotfilesVSCodeTerminal.returns $false when TERM_PROGRAM is empty" time="0.0086" asserts="0" success="True" result="Success" executed="True" />
              <test-case description="returns $false when TERM_PROGRAM is not set" name="Test-DotfilesVSCodeTerminal.returns $false when TERM_PROGRAM is not set" time="0.0091" asserts="0" success="True" result="Success" executed="True" />
            </results>
          </test-suite>
        </results>
      </test-suite>
      <test-suite type="TestFixture" name="/home/kurone-kito/ghq/github.com/kurone-kito/dotfiles/tests/powershell/01-path.Tests.ps1" executed="True" result="Ignored" success="True" time="0.1345" asserts="0" description="/home/kurone-kito/ghq/github.com/kurone-kito/dotfiles/tests/powershell/01-path.Tests.ps1">
        <results>
          <test-suite type="TestFixture" name="01-path" executed="True" result="Ignored" success="True" time="0.0653" asserts="0" description="01-path">
            <results>
              <test-suite type="TestFixture" name="01-path.registry User PATH sync" executed="True" result="Ignored" success="True" time="0.0531" asserts="0" description="01-path.registry User PATH sync">
                <results>
                  <test-case description="appends missing registry entries to the process PATH" name="01-path.registry User PATH sync.appends missing registry entries to the process PATH" time="0.009" asserts="0" success="False" result="Ignored" executed="False" />
                  <test-case description="does not duplicate entries already present in PATH" name="01-path.registry User PATH sync.does not duplicate entries already present in PATH" time="0.0036" asserts="0" success="False" result="Ignored" executed="False" />
                  <test-case description="skips registry entries whose directories do not exist" name="01-path.registry User PATH sync.skips registry entries whose directories do not exist" time="0.0073" asserts="0" success="False" result="Ignored" executed="False" />
                  <test-case description="is idempotent with registry sync enabled" name="01-path.registry User PATH sync.is idempotent with registry sync enabled" time="0.0038" asserts="0" success="False" result="Ignored" executed="False" />
                </results>
              </test-suite>
              <test-case description="reconciles managed entries and removes stale winget package paths" name="01-path.reconciles managed entries and removes stale winget package paths" time="0.0096" asserts="0" success="False" result="Ignored" executed="False" />
              <test-case description="is idempotent across repeated profile loads" name="01-path.is idempotent across repeated profile loads" time="0.0038" asserts="0" success="False" result="Ignored" executed="False" />
              <test-case description="lists the default Cargo bin among the static managed paths" name="01-path.lists the default Cargo bin among the static managed paths" time="0.0037" asserts="0" success="False" result="Ignored" executed="False" />
            </results>
          </test-suite>
        </results>
      </test-suite>
      <test-suite type="TestFixture" name="/home/kurone-kito/ghq/github.com/kurone-kito/dotfiles/tests/powershell/02-cargo.Tests.ps1" executed="True" result="Success" success="True" time="0.3635" asserts="0" description="/home/kurone-kito/ghq/github.com/kurone-kito/dotfiles/tests/powershell/02-cargo.Tests.ps1">
        <results>
          <test-suite type="TestFixture" name="02-cargo (Unix pwsh)" executed="True" result="Success" success="True" time="0.3163" asserts="0" description="02-cargo (Unix pwsh)">
            <results>
              <test-case description="prepends $HOME/.cargo/bin when the directory exists" name="02-cargo (Unix pwsh).prepends $HOME/.cargo/bin when the directory exists" time="0.1007" asserts="0" success="True" result="Success" executed="True" />
              <test-case description="is a no-op when the cargo bin directory does not exist" name="02-cargo (Unix pwsh).is a no-op when the cargo bin directory does not exist" time="0.0512" asserts="0" success="True" result="Success" executed="True" />
              <test-case description="is idempotent across repeated sources" name="02-cargo (Unix pwsh).is idempotent across repeated sources" time="0.0769" asserts="0" success="True" result="Success" executed="True" />
              <test-case description="honors $env:CARGO_HOME when set" name="02-cargo (Unix pwsh).honors $env:CARGO_HOME when set" time="0.0769" asserts="0" success="True" result="Success" executed="True" />
            </results>
          </test-suite>
        </results>
      </test-suite>
      <test-suite type="TestFixture" name="/home/kurone-kito/ghq/github.com/kurone-kito/dotfiles/tests/powershell/05-gpg.Tests.ps1" executed="True" result="Success" success="True" time="0.317" asserts="0" description="/home/kurone-kito/ghq/github.com/kurone-kito/dotfiles/tests/powershell/05-gpg.Tests.ps1">
        <results>
          <test-suite type="TestFixture" name="05-gpg" executed="True" result="Success" success="True" time="0.2663" asserts="0" description="05-gpg">
            <results>
              <test-case description="creates the gpg-cache alias pointing to Invoke-GpgCachePassphrase" name="05-gpg.creates the gpg-cache alias pointing to Invoke-GpgCachePassphrase" time="0.0683" asserts="0" success="True" result="Success" executed="True" />
              <test-case description="warns and returns early when the helper script is missing" name="05-gpg.warns and returns early when the helper script is missing" time="0.0523" asserts="0" success="True" result="Success" executed="True" />
              <test-case description="invokes the helper script when it exists" name="05-gpg.invokes the helper script when it exists" time="0.0616" asserts="0" success="True" result="Success" executed="True" />
              <test-case description="calls gpg-connect-agent reloadagent at load time" name="05-gpg.calls gpg-connect-agent reloadagent at load time" time="0.0395" asserts="0" success="True" result="Success" executed="True" />
            </results>
          </test-suite>
        </results>
      </test-suite>
      <test-suite type="TestFixture" name="/home/kurone-kito/ghq/github.com/kurone-kito/dotfiles/tests/powershell/10-aliases.Tests.ps1" executed="True" result="Success" success="True" time="1.027" asserts="0" description="/home/kurone-kito/ghq/github.com/kurone-kito/dotfiles/tests/powershell/10-aliases.Tests.ps1">
        <results>
          <test-suite type="TestFixture" name="10-aliases" executed="True" result="Success" success="True" time="0.9655" asserts="0" description="10-aliases">
            <results>
              <test-case description="creates the ll alias pointing to Get-ChildItem" name="10-aliases.creates the ll alias pointing to Get-ChildItem" time="0.1037" asserts="0" success="True" result="Success" executed="True" />
              <test-case description="creates the which alias pointing to Get-Command" name="10-aliases.creates the which alias pointing to Get-Command" time="0.0812" asserts="0" success="True" result="Success" executed="True" />
              <test-case description="creates the wt alias pointing to git-wt when git-wt is available" name="10-aliases.creates the wt alias pointing to git-wt when git-wt is available" time="0.1012" asserts="0" success="True" result="Success" executed="True" />
              <test-case description="skips the wt alias when wt already exists" name="10-aliases.skips the wt alias when wt already exists" time="0.1244" asserts="0" success="True" result="Success" executed="True" />
              <test-case description="creates the git-wt alias pointing to wt when wt is available" name="10-aliases.creates the git-wt alias pointing to wt when wt is available" time="0.08" asserts="0" success="True" result="Success" executed="True" />
              <test-case description="skips the git-wt alias when wt resolves to Windows Terminal" name="10-aliases.skips the git-wt alias when wt resolves to Windows Terminal" time="0.0744" asserts="0" success="True" result="Success" executed="True" />
              <test-case description="skips the git-wt alias when wt resolves to Microsoft.WindowsTerminal path" name="10-aliases.skips the git-wt alias when wt resolves to Microsoft.WindowsTerminal path" time="0.0785" asserts="0" success="True" result="Success" executed="True" />
              <test-case description="skips the git-wt alias when first wt is Windows Terminal even with worktrunk wt later in PATH" name="10-aliases.skips the git-wt alias when first wt is Windows Terminal even with worktrunk wt later in PATH" time="0.086" asserts="0" success="True" result="Success" executed="True" />
              <test-case description="creates the batcat alias pointing to bat when bat is available" name="10-aliases.creates the batcat alias pointing to bat when bat is available" time="0.0841" asserts="0" success="True" result="Success" executed="True" />
              <test-case description="creates the bat alias pointing to batcat when batcat is available" name="10-aliases.creates the bat alias pointing to batcat when batcat is available" time="0.0684" asserts="0" success="True" result="Success" executed="True" />
              <test-case description="skips the bat alias when bat already exists" name="10-aliases.skips the bat alias when bat already exists" time="0.0709" asserts="0" success="True" result="Success" executed="True" />
            </results>
          </test-suite>
        </results>
      </test-suite>
      <test-suite type="TestFixture" name="/home/kurone-kito/ghq/github.com/kurone-kito/dotfiles/tests/powershell/20-posh-git.Tests.ps1" executed="True" result="Success" success="True" time="0.3998" asserts="0" description="/home/kurone-kito/ghq/github.com/kurone-kito/dotfiles/tests/powershell/20-posh-git.Tests.ps1">
        <results>
          <test-suite type="TestFixture" name="20-posh-git" executed="True" result="Success" success="True" time="0.3249" asserts="0" description="20-posh-git">
            <results>
              <test-case description="returns early without error when git is not available" name="20-posh-git.returns early without error when git is not available" time="0.0818" asserts="0" success="True" result="Success" executed="True" />
              <test-case description="returns early without error when posh-git module is not installed" name="20-posh-git.returns early without error when posh-git module is not installed" time="0.0741" asserts="0" success="True" result="Success" executed="True" />
              <test-case description="imports posh-git when both git and the module are available" name="20-posh-git.imports posh-git when both git and the module are available" time="0.0889" asserts="0" success="True" result="Success" executed="True" />
              <test-case description="disables EnablePromptStatus after importing posh-git" name="20-posh-git.disables EnablePromptStatus after importing posh-git" time="0.0676" asserts="0" success="True" result="Success" executed="True" />
            </results>
          </test-suite>
        </results>
      </test-suite>
      <test-suite type="TestFixture" name="/home/kurone-kito/ghq/github.com/kurone-kito/dotfiles/tests/powershell/25-deploy-secret-files.Tests.ps1" executed="True" result="Ignored" success="True" time="0.1555" asserts="0" description="/home/kurone-kito/ghq/github.com/kurone-kito/dotfiles/tests/powershell/25-deploy-secret-files.Tests.ps1">
        <results>
          <test-suite type="TestFixture" name="25-deploy-secret-files template" executed="True" result="Ignored" success="True" time="0.0867" asserts="0" description="25-deploy-secret-files template">
            <results>
              <test-suite type="TestFixture" name="25-deploy-secret-files template.static checks" executed="True" result="Success" success="True" time="0.0565" asserts="0" description="25-deploy-secret-files template.static checks">
                <results>
                  <test-case description="skips when manager is none" name="25-deploy-secret-files template.static checks.skips when manager is none" time="0.0065" asserts="0" success="True" result="Success" executed="True" />
                  <test-case description="validates target has no path traversal" name="25-deploy-secret-files template.static checks.validates target has no path traversal" time="0.0107" asserts="0" success="True" result="Success" executed="True" />
                  <test-case description="validates target is not absolute" name="25-deploy-secret-files template.static checks.validates target is not absolute" time="0.006" asserts="0" success="True" result="Success" executed="True" />
                  <test-case description="restricts file permissions with icacls" name="25-deploy-secret-files template.static checks.restricts file permissions with icacls" time="0.0052" asserts="0" success="True" result="Success" executed="True" />
                  <test-case description="secures parent directory permissions" name="25-deploy-secret-files template.static checks.secures parent directory permissions" time="0.0054" asserts="0" success="True" result="Success" executed="True" />
                  <test-case description="wires Record-State for each secret file write" name="25-deploy-secret-files template.static checks.wires Record-State for each secret file write" time="0.0061" asserts="0" success="True" result="Success" executed="True" />
                  <test-case description="guards Record-State when the helper is absent" name="25-deploy-secret-files template.static checks.guards Record-State when the helper is absent" time="0.0062" asserts="0" success="True" result="Success" executed="True" />
                </results>
              </test-suite>
              <test-suite type="TestFixture" name="25-deploy-secret-files template.fixture deployment" executed="True" result="Ignored" success="True" time="0.0746" asserts="0" description="25-deploy-secret-files template.fixture deployment">
                <results>
                  <test-case description="deploys .aws/credentials with correct content" name="25-deploy-secret-files template.fixture deployment.deploys .aws/credentials with correct content" time="0.0031" asserts="0" success="False" result="Ignored" executed="False" />
                  <test-case description="deploys .docker/config.json with correct content" name="25-deploy-secret-files template.fixture deployment.deploys .docker/config.json with correct content" time="0.0024" asserts="0" success="False" result="Ignored" executed="False" />
                  <test-case description="outputs deployment status for each entry" name="25-deploy-secret-files template.fixture deployment.outputs deployment status for each entry" time="0.0023" asserts="0" success="False" result="Ignored" executed="False" />
                </results>
              </test-suite>
            </results>
          </test-suite>
        </results>
      </test-suite>
      <test-suite type="TestFixture" name="/home/kurone-kito/ghq/github.com/kurone-kito/dotfiles/tests/powershell/30-mise.Tests.ps1" executed="True" result="Ignored" success="True" time="1.5386" asserts="0" description="/home/kurone-kito/ghq/github.com/kurone-kito/dotfiles/tests/powershell/30-mise.Tests.ps1">
        <results>
          <test-suite type="TestFixture" name="30-mise" executed="True" result="Ignored" success="True" time="0.0253" asserts="0" description="30-mise">
            <results>
              <test-case description="prefers the PATH command before the Windows fallback" name="30-mise.prefers the PATH command before the Windows fallback" time="0.0033" asserts="0" success="False" result="Ignored" executed="False" />
              <test-case description="uses the official Windows fallback before winget package bins" name="30-mise.uses the official Windows fallback before winget package bins" time="0.0032" asserts="0" success="False" result="Ignored" executed="False" />
              <test-case description="uses the winget package-bin executable when other Windows paths are unavailable" name="30-mise.uses the winget package-bin executable when other Windows paths are unavailable" time="0.0026" asserts="0" success="False" result="Ignored" executed="False" />
              <test-case description="de-duplicates winget package-bin candidates that resolve to one executable" name="30-mise.de-duplicates winget package-bin candidates that resolve to one executable" time="0.0027" asserts="0" success="False" result="Ignored" executed="False" />
              <test-case description="calls reshim when shims directory does not exist" name="30-mise.calls reshim when shims directory does not exist" time="0.003" asserts="0" success="False" result="Ignored" executed="False" />
            </results>
          </test-suite>
          <test-suite type="TestFixture" name="30-mise ghq trusted paths" executed="True" result="Success" success="True" time="1.4767" asserts="0" description="30-mise ghq trusted paths">
            <results>
              <test-case description="appends ghq-cloned owner paths from chezmoi-ghq-trusted-paths" name="30-mise ghq trusted paths.appends ghq-cloned owner paths from chezmoi-ghq-trusted-paths" time="0.364" asserts="0" success="True" result="Success" executed="True" />
              <test-case description="skips ghq trusted paths when ghq is not installed" name="30-mise ghq trusted paths.skips ghq trusted paths when ghq is not installed" time="0.2771" asserts="0" success="True" result="Success" executed="True" />
              <test-case description="skips ghq trusted paths when file does not exist" name="30-mise ghq trusted paths.skips ghq trusted paths when file does not exist" time="0.2703" asserts="0" success="True" result="Success" executed="True" />
              <test-case description="skips blank lines in chezmoi-ghq-trusted-paths" name="30-mise ghq trusted paths.skips blank lines in chezmoi-ghq-trusted-paths" time="0.3011" asserts="0" success="True" result="Success" executed="True" />
            </results>
          </test-suite>
        </results>
      </test-suite>
      <test-suite type="TestFixture" name="/home/kurone-kito/ghq/github.com/kurone-kito/dotfiles/tests/powershell/40-fzf.Tests.ps1" executed="True" result="Success" success="True" time="11.08" asserts="0" description="/home/kurone-kito/ghq/github.com/kurone-kito/dotfiles/tests/powershell/40-fzf.Tests.ps1">
        <results>
          <test-suite type="TestFixture" name="40-fzf" executed="True" result="Success" success="True" time="10.9447" asserts="0" description="40-fzf">
            <results>
              <test-case description="registers PSFzf chords through the startup helper when available" name="40-fzf.registers PSFzf chords through the startup helper when available" time="5.4741" asserts="0" success="True" result="Success" executed="True" />
              <test-case description="falls back to direct PSReadLine chord setup when the startup helper is unavailable" name="40-fzf.falls back to direct PSReadLine chord setup when the startup helper is unavailable" time="5.461" asserts="0" success="True" result="Success" executed="True" />
            </results>
          </test-suite>
          <test-suite type="TestFixture" name="VS Code chord skip" executed="True" result="Success" success="True" time="11.0219" asserts="0" description="VS Code chord skip">
            <results>
              <test-case description="sets $skipChords to $true when in VS Code terminal" name="VS Code chord skip.sets $skipChords to $true when in VS Code terminal" time="0.0138" asserts="0" success="True" result="Success" executed="True" />
              <test-case description="sets $skipChords to $false when not in VS Code terminal" name="VS Code chord skip.sets $skipChords to $false when not in VS Code terminal" time="0.0042" asserts="0" success="True" result="Success" executed="True" />
              <test-case description="skips chord bindings when running inside VS Code" name="VS Code chord skip.skips chord bindings when running inside VS Code" time="0.0441" asserts="0" success="True" result="Success" executed="True" />
            </results>
          </test-suite>
        </results>
      </test-suite>
      <test-suite type="TestFixture" name="/home/kurone-kito/ghq/github.com/kurone-kito/dotfiles/tests/powershell/45-worktrunk.Tests.ps1" executed="True" result="Success" success="True" time="0.6494" asserts="0" description="/home/kurone-kito/ghq/github.com/kurone-kito/dotfiles/tests/powershell/45-worktrunk.Tests.ps1">
        <results>
          <test-suite type="TestFixture" name="45-worktrunk" executed="True" result="Success" success="True" time="0.6008" asserts="0" description="45-worktrunk">
            <results>
              <test-case description="returns early without error when neither git-wt nor wt is available" name="45-worktrunk.returns early without error when neither git-wt nor wt is available" time="0.0596" asserts="0" success="True" result="Success" executed="True" />
              <test-case description="evaluates init output when git-wt is available" name="45-worktrunk.evaluates init output when git-wt is available" time="0.0704" asserts="0" success="True" result="Success" executed="True" />
              <test-case description="falls back to wt when git-wt is not available" name="45-worktrunk.falls back to wt when git-wt is not available" time="0.0599" asserts="0" success="True" result="Success" executed="True" />
              <test-case description="ignores function/alias named git-wt (only Application type accepted)" name="45-worktrunk.ignores function/alias named git-wt (only Application type accepted)" time="0.048" asserts="0" success="True" result="Success" executed="True" />
              <test-case description="does not fall back to wt when wt resolves to Windows Terminal" name="45-worktrunk.does not fall back to wt when wt resolves to Windows Terminal" time="0.0553" asserts="0" success="True" result="Success" executed="True" />
              <test-case description="skips Windows Terminal wt and uses worktrunk wt from later PATH entry" name="45-worktrunk.skips Windows Terminal wt and uses worktrunk wt from later PATH entry" time="0.0553" asserts="0" success="True" result="Success" executed="True" />
              <test-case description="prefers git-wt when both git-wt and wt are available" name="45-worktrunk.prefers git-wt when both git-wt and wt are available" time="0.0637" asserts="0" success="True" result="Success" executed="True" />
              <test-case description="strips trailing zero lines from init output before evaluation" name="45-worktrunk.strips trailing zero lines from init output before evaluation" time="0.0545" asserts="0" success="True" result="Success" executed="True" />
              <test-case description="strips output that is only a bare zero" name="45-worktrunk.strips output that is only a bare zero" time="0.0567" asserts="0" success="True" result="Success" executed="True" />
              <test-case description="cleans up temporary variables after execution" name="45-worktrunk.cleans up temporary variables after execution" time="0.0641" asserts="0" success="True" result="Success" executed="True" />
            </results>
          </test-suite>
        </results>
      </test-suite>
      <test-suite type="TestFixture" name="/home/kurone-kito/ghq/github.com/kurone-kito/dotfiles/tests/powershell/50-thefuck.Tests.ps1" executed="True" result="Success" success="True" time="0.1098" asserts="0" description="/home/kurone-kito/ghq/github.com/kurone-kito/dotfiles/tests/powershell/50-thefuck.Tests.ps1">
        <results>
          <test-suite type="TestFixture" name="50-thefuck" executed="True" result="Success" success="True" time="0.0668" asserts="0" description="50-thefuck">
            <results>
              <test-case description="returns early without error when thefuck is not available" name="50-thefuck.returns early without error when thefuck is not available" time="0.0131" asserts="0" success="True" result="Success" executed="True" />
              <test-case description="evaluates alias output when thefuck is available" name="50-thefuck.evaluates alias output when thefuck is available" time="0.0154" asserts="0" success="True" result="Success" executed="True" />
              <test-case description="handles thefuck --alias throwing an exception gracefully" name="50-thefuck.handles thefuck --alias throwing an exception gracefully" time="0.0143" asserts="0" success="True" result="Success" executed="True" />
              <test-case description="cleans up the _tfAlias variable after execution" name="50-thefuck.cleans up the _tfAlias variable after execution" time="0.0152" asserts="0" success="True" result="Success" executed="True" />
            </results>
          </test-suite>
        </results>
      </test-suite>
      <test-suite type="TestFixture" name="/home/kurone-kito/ghq/github.com/kurone-kito/dotfiles/tests/powershell/55-setup-editors.Tests.ps1" executed="True" result="Success" success="True" time="24.0763" asserts="0" description="/home/kurone-kito/ghq/github.com/kurone-kito/dotfiles/tests/powershell/55-setup-editors.Tests.ps1">
        <results>
          <test-suite type="TestFixture" name="setup-editors" executed="True" result="Success" success="True" time="24.0312" asserts="0" description="setup-editors">
            <results>
              <test-suite type="TestFixture" name="setup-editors.when neither editor is installed" executed="True" result="Success" success="True" time="3.1568" asserts="0" description="setup-editors.when neither editor is installed">
                <results>
                  <test-case description="prints no-editors-found message" name="setup-editors.when neither editor is installed.prints no-editors-found message" time="3.1497" asserts="0" success="True" result="Success" executed="True" />
                </results>
              </test-suite>
              <test-suite type="TestFixture" name="setup-editors.vim plugin setup" executed="True" result="Success" success="True" time="14.2413" asserts="0" description="setup-editors.vim plugin setup">
                <results>
                  <test-case description="reports vim not found when vim is absent" name="setup-editors.vim plugin setup.reports vim not found when vim is absent" time="3.0786" asserts="0" success="True" result="Success" executed="True" />
                  <test-case description="reports nvim not found when nvim is absent" name="setup-editors.vim plugin setup.reports nvim not found when nvim is absent" time="2.9904" asserts="0" success="True" result="Success" executed="True" />
                  <test-case description="skips vim-plug bootstrap when plug.vim exists" name="setup-editors.vim plugin setup.skips vim-plug bootstrap when plug.vim exists" time="5.002" asserts="0" success="True" result="Success" executed="True" />
                </results>
              </test-suite>
              <test-suite type="TestFixture" name="setup-editors.nvim lazy.nvim sync" executed="True" result="Success" success="True" time="24.024" asserts="0" description="setup-editors.nvim lazy.nvim sync">
                <results>
                  <test-case description="runs nvim headless sync when nvim is available" name="setup-editors.nvim lazy.nvim sync.runs nvim headless sync when nvim is available" time="4.8993" asserts="0" success="True" result="Success" executed="True" />
                  <test-case description="warns when lazy.nvim bootstrap fails" name="setup-editors.nvim lazy.nvim sync.warns when lazy.nvim bootstrap fails" time="4.8746" asserts="0" success="True" result="Success" executed="True" />
                </results>
              </test-suite>
            </results>
          </test-suite>
        </results>
      </test-suite>
      <test-suite type="TestFixture" name="/home/kurone-kito/ghq/github.com/kurone-kito/dotfiles/tests/powershell/60-venv.Tests.ps1" executed="True" result="Success" success="True" time="0.4576" asserts="0" description="/home/kurone-kito/ghq/github.com/kurone-kito/dotfiles/tests/powershell/60-venv.Tests.ps1">
        <results>
          <test-suite type="TestFixture" name="60-venv" executed="True" result="Success" success="True" time="0.4153" asserts="0" description="60-venv">
            <results>
              <test-case description="creates the venv-activate alias pointing to Invoke-VenvActivate" name="60-venv.creates the venv-activate alias pointing to Invoke-VenvActivate" time="0.0571" asserts="0" success="True" result="Success" executed="True" />
              <test-case description="warns and returns early when VIRTUAL_ENV is already set" name="60-venv.warns and returns early when VIRTUAL_ENV is already set" time="0.0414" asserts="0" success="True" result="Success" executed="True" />
              <test-case description="activates .venv\Scripts\Activate.ps1 when it exists" name="60-venv.activates .venv\Scripts\Activate.ps1 when it exists" time="0.0523" asserts="0" success="True" result="Success" executed="True" />
              <test-case description="falls back to venv\bin\Activate.ps1 when .venv is not present" name="60-venv.falls back to venv\bin\Activate.ps1 when .venv is not present" time="0.0772" asserts="0" success="True" result="Success" executed="True" />
              <test-case description="writes a warning when no venv directory is found" name="60-venv.writes a warning when no venv directory is found" time="0.0821" asserts="0" success="True" result="Success" executed="True" />
              <test-case description="checks .venv before venv (precedence order)" name="60-venv.checks .venv before venv (precedence order)" time="0.0441" asserts="0" success="True" result="Success" executed="True" />
            </results>
          </test-suite>
        </results>
      </test-suite>
      <test-suite type="TestFixture" name="/home/kurone-kito/ghq/github.com/kurone-kito/dotfiles/tests/powershell/ensure-zellij-web.Tests.ps1" executed="True" result="Success" success="True" time="0.2528" asserts="0" description="/home/kurone-kito/ghq/github.com/kurone-kito/dotfiles/tests/powershell/ensure-zellij-web.Tests.ps1">
        <results>
          <test-suite type="TestFixture" name="ensure-zellij-web" executed="True" result="Success" success="True" time="0.2114" asserts="0" description="ensure-zellij-web">
            <results>
              <test-case description="prefers the zellij command from PATH" name="ensure-zellij-web.prefers the zellij command from PATH" time="0.0188" asserts="0" success="True" result="Success" executed="True" />
              <test-case description="falls back to the WinGet-installed zellij path when PATH lookup fails" name="ensure-zellij-web.falls back to the WinGet-installed zellij path when PATH lookup fails" time="0.0192" asserts="0" success="True" result="Success" executed="True" />
              <test-case description="falls back to the Program Files tailscale path when PATH lookup fails" name="ensure-zellij-web.falls back to the Program Files tailscale path when PATH lookup fails" time="0.0233" asserts="0" success="True" result="Success" executed="True" />
              <test-case description="does not start zellij web when it is already running" name="ensure-zellij-web.does not start zellij web when it is already running" time="0.0064" asserts="0" success="True" result="Success" executed="True" />
              <test-case description="starts zellij web when it is offline and verifies health afterwards" name="ensure-zellij-web.starts zellij web when it is offline and verifies health afterwards" time="0.0064" asserts="0" success="True" result="Success" executed="True" />
              <test-case description="normalizes a non-root base_url into the tailscale serve path" name="ensure-zellij-web.normalizes a non-root base_url into the tailscale serve path" time="0.0164" asserts="0" success="True" result="Success" executed="True" />
              <test-case description="configures tailscale serve when enabled and the route is missing" name="ensure-zellij-web.configures tailscale serve when enabled and the route is missing" time="0.017" asserts="0" success="True" result="Success" executed="True" />
              <test-case description="does not reconfigure tailscale serve when the desired route already exists" name="ensure-zellij-web.does not reconfigure tailscale serve when the desired route already exists" time="0.0139" asserts="0" success="True" result="Success" executed="True" />
              <test-case description="rejects tailscale publication when zellij bind is not loopback" name="ensure-zellij-web.rejects tailscale publication when zellij bind is not loopback" time="0.0258" asserts="0" success="True" result="Success" executed="True" />
            </results>
          </test-suite>
        </results>
      </test-suite>
      <test-suite type="TestFixture" name="/home/kurone-kito/ghq/github.com/kurone-kito/dotfiles/tests/powershell/generate-authorized-keys.Tests.ps1" executed="True" result="Success" success="True" time="0.1886" asserts="0" description="/home/kurone-kito/ghq/github.com/kurone-kito/dotfiles/tests/powershell/generate-authorized-keys.Tests.ps1">
        <results>
          <test-suite type="TestFixture" name="generate-authorized-keys" executed="True" result="Success" success="True" time="0.1561" asserts="0" description="generate-authorized-keys">
            <results>
              <test-case description="creates authorized_keys from the available public keys" name="generate-authorized-keys.creates authorized_keys from the available public keys" time="0.0336" asserts="0" success="True" result="Success" executed="True" />
              <test-case description="skips missing public keys and keeps the remaining file content" name="generate-authorized-keys.skips missing public keys and keeps the remaining file content" time="0.0418" asserts="0" success="True" result="Success" executed="True" />
              <test-case description="creates an empty authorized_keys file when no public keys exist" name="generate-authorized-keys.creates an empty authorized_keys file when no public keys exist" time="0.0459" asserts="0" success="True" result="Success" executed="True" />
            </results>
          </test-suite>
        </results>
      </test-suite>
      <test-suite type="TestFixture" name="/home/kurone-kito/ghq/github.com/kurone-kito/dotfiles/tests/powershell/generate-git-profiles.Tests.ps1" executed="True" result="Success" success="True" time="0.5764" asserts="0" description="/home/kurone-kito/ghq/github.com/kurone-kito/dotfiles/tests/powershell/generate-git-profiles.Tests.ps1">
        <results>
          <test-suite type="TestFixture" name="generate-git-profiles" executed="True" result="Success" success="True" time="0.5191" asserts="0" description="generate-git-profiles">
            <results>
              <test-suite type="TestFixture" name="generate-git-profiles.directory creation" executed="True" result="Success" success="True" time="0.1174" asserts="0" description="generate-git-profiles.directory creation">
                <results>
                  <test-case description="creates the profiles directory when absent" name="generate-git-profiles.directory creation.creates the profiles directory when absent" time="0.0364" asserts="0" success="True" result="Success" executed="True" />
                  <test-case description="succeeds when the profiles directory already exists" name="generate-git-profiles.directory creation.succeeds when the profiles directory already exists" time="0.0463" asserts="0" success="True" result="Success" executed="True" />
                </results>
              </test-suite>
              <test-suite type="TestFixture" name="generate-git-profiles.profile file creation" executed="True" result="Success" success="True" time="0.2125" asserts="0" description="generate-git-profiles.profile file creation">
                <results>
                  <test-case description="creates the personal profile file" name="generate-git-profiles.profile file creation.creates the personal profile file" time="0.0035" asserts="0" success="True" result="Success" executed="True" />
                  <test-case description="personal profile contains the correct email" name="generate-git-profiles.profile file creation.personal profile contains the correct email" time="0.0074" asserts="0" success="True" result="Success" executed="True" />
                  <test-case description="personal profile contains the correct name" name="generate-git-profiles.profile file creation.personal profile contains the correct name" time="0.0032" asserts="0" success="True" result="Success" executed="True" />
                  <test-case description="personal profile has no GPG signing fields" name="generate-git-profiles.profile file creation.personal profile has no GPG signing fields" time="0.0029" asserts="0" success="True" result="Success" executed="True" />
                  <test-case description="creates the work profile file" name="generate-git-profiles.profile file creation.creates the work profile file" time="0.0027" asserts="0" success="True" result="Success" executed="True" />
                  <test-case description="work profile contains the correct email" name="generate-git-profiles.profile file creation.work profile contains the correct email" time="0.0034" asserts="0" success="True" result="Success" executed="True" />
                  <test-case description="work profile contains the correct name" name="generate-git-profiles.profile file creation.work profile contains the correct name" time="0.0026" asserts="0" success="True" result="Success" executed="True" />
                  <test-case description="work profile contains the signingkey" name="generate-git-profiles.profile file creation.work profile contains the signingkey" time="0.0029" asserts="0" success="True" result="Success" executed="True" />
                  <test-case description="work profile has GPG commit signing enabled" name="generate-git-profiles.profile file creation.work profile has GPG commit signing enabled" time="0.0036" asserts="0" success="True" result="Success" executed="True" />
                </results>
              </test-suite>
              <test-suite type="TestFixture" name="generate-git-profiles.orphan removal" executed="True" result="Success" success="True" time="0.3282" asserts="0" description="generate-git-profiles.orphan removal">
                <results>
                  <test-case description="removes orphaned profile files" name="generate-git-profiles.orphan removal.removes orphaned profile files" time="0.0491" asserts="0" success="True" result="Success" executed="True" />
                  <test-case description="does not remove valid profile files" name="generate-git-profiles.orphan removal.does not remove valid profile files" time="0.032" asserts="0" success="True" result="Success" executed="True" />
                </results>
              </test-suite>
              <test-suite type="TestFixture" name="generate-git-profiles.idempotency" executed="True" result="Success" success="True" time="0.5123" asserts="0" description="generate-git-profiles.idempotency">
                <results>
                  <test-case description="running twice produces identical file contents" name="generate-git-profiles.idempotency.running twice produces identical file contents" time="0.0687" asserts="0" success="True" result="Success" executed="True" />
                  <test-case description="orphaned files from a prior run are still removed on the second run" name="generate-git-profiles.idempotency.orphaned files from a prior run are still removed on the second run" time="0.0806" asserts="0" success="True" result="Success" executed="True" />
                </results>
              </test-suite>
            </results>
          </test-suite>
        </results>
      </test-suite>
      <test-suite type="TestFixture" name="/home/kurone-kito/ghq/github.com/kurone-kito/dotfiles/tests/powershell/ghq-clone-user.Tests.ps1" executed="True" result="Success" success="True" time="0.2922" asserts="0" description="/home/kurone-kito/ghq/github.com/kurone-kito/dotfiles/tests/powershell/ghq-clone-user.Tests.ps1">
        <results>
          <test-suite type="TestFixture" name="ghq-clone-user.ps1" executed="True" result="Success" success="True" time="0.2499" asserts="0" description="ghq-clone-user.ps1">
            <results>
              <test-suite type="TestFixture" name="ghq-clone-user.ps1.when gh is not available" executed="True" result="Success" success="True" time="0.078" asserts="0" description="ghq-clone-user.ps1.when gh is not available">
                <results>
                  <test-case description="exits with an error" name="ghq-clone-user.ps1.when gh is not available.exits with an error" time="0.0344" asserts="0" success="True" result="Success" executed="True" />
                </results>
              </test-suite>
              <test-suite type="TestFixture" name="ghq-clone-user.ps1.when ghq is not available" executed="True" result="Success" success="True" time="0.142" asserts="0" description="ghq-clone-user.ps1.when ghq is not available">
                <results>
                  <test-case description="exits with an error" name="ghq-clone-user.ps1.when ghq is not available.exits with an error" time="0.0172" asserts="0" success="True" result="Success" executed="True" />
                </results>
              </test-suite>
              <test-suite type="TestFixture" name="ghq-clone-user.ps1.parameter validation" executed="True" result="Success" success="True" time="0.1916" asserts="0" description="ghq-clone-user.ps1.parameter validation">
                <results>
                  <test-case description="rejects mutually exclusive --Ssh and --Https" name="ghq-clone-user.ps1.parameter validation.rejects mutually exclusive --Ssh and --Https" time="0.0133" asserts="0" success="True" result="Success" executed="True" />
                </results>
              </test-suite>
              <test-suite type="TestFixture" name="ghq-clone-user.ps1.when both tools are available" executed="True" result="Success" success="True" time="0.2428" asserts="0" description="ghq-clone-user.ps1.when both tools are available">
                <results>
                  <test-case description="requires Owner parameter" name="ghq-clone-user.ps1.when both tools are available.requires Owner parameter" time="0.0163" asserts="0" success="True" result="Success" executed="True" />
                </results>
              </test-suite>
            </results>
          </test-suite>
        </results>
      </test-suite>
      <test-suite type="TestFixture" name="/home/kurone-kito/ghq/github.com/kurone-kito/dotfiles/tests/powershell/gpg-cache.Tests.ps1" executed="True" result="Success" success="True" time="0.5447" asserts="0" description="/home/kurone-kito/ghq/github.com/kurone-kito/dotfiles/tests/powershell/gpg-cache.Tests.ps1">
        <results>
          <test-suite type="TestFixture" name="gpg-cache" executed="True" result="Success" success="True" time="0.4969" asserts="0" description="gpg-cache">
            <results>
              <test-case description="warns and returns false when gpg is not in PATH" name="gpg-cache.warns and returns false when gpg is not in PATH" time="0.0246" asserts="0" success="True" result="Success" executed="True" />
              <test-case description="updates GPG_TTY when tty succeeds" name="gpg-cache.updates GPG_TTY when tty succeeds" time="0.017" asserts="0" success="True" result="Success" executed="True" />
              <test-case description="calls gpg-connect-agent reloadagent then updatestartuptty" name="gpg-cache.calls gpg-connect-agent reloadagent then updatestartuptty" time="0.0194" asserts="0" success="True" result="Success" executed="True" />
              <test-case description="reads signing key from git config" name="gpg-cache.reads signing key from git config" time="0.0167" asserts="0" success="True" result="Success" executed="True" />
              <test-case description="reads signing keys from profile config files" name="gpg-cache.reads signing keys from profile config files" time="0.0662" asserts="0" success="True" result="Success" executed="True" />
              <test-case description="deduplicates signing keys from git config and profiles" name="gpg-cache.deduplicates signing keys from git config and profiles" time="0.0805" asserts="0" success="True" result="Success" executed="True" />
              <test-case description="returns empty when no signing keys configured" name="gpg-cache.returns empty when no signing keys configured" time="0.0353" asserts="0" success="True" result="Success" executed="True" />
              <test-case description="primes specific key with --local-user when signing keys found" name="gpg-cache.primes specific key with --local-user when signing keys found" time="0.0427" asserts="0" success="True" result="Success" executed="True" />
              <test-case description="primes multiple keys in sequence" name="gpg-cache.primes multiple keys in sequence" time="0.0298" asserts="0" success="True" result="Success" executed="True" />
              <test-case description="falls back to default key when no signing keys found" name="gpg-cache.falls back to default key when no signing keys found" time="0.0269" asserts="0" success="True" result="Success" executed="True" />
              <test-case description="writes success message when gpg succeeds" name="gpg-cache.writes success message when gpg succeeds" time="0.028" asserts="0" success="True" result="Success" executed="True" />
              <test-case description="writes failure warning when gpg fails" name="gpg-cache.writes failure warning when gpg fails" time="0.0359" asserts="0" success="True" result="Success" executed="True" />
              <test-case description="returns false when any key in multi-key mode fails" name="gpg-cache.returns false when any key in multi-key mode fails" time="0.0375" asserts="0" success="True" result="Success" executed="True" />
            </results>
          </test-suite>
        </results>
      </test-suite>
      <test-suite type="TestFixture" name="/home/kurone-kito/ghq/github.com/kurone-kito/dotfiles/tests/powershell/psmux-config.Tests.ps1" executed="True" result="Success" success="True" time="0.073" asserts="0" description="/home/kurone-kito/ghq/github.com/kurone-kito/dotfiles/tests/powershell/psmux-config.Tests.ps1">
        <results>
          <test-suite type="TestFixture" name="psmux config" executed="True" result="Success" success="True" time="0.0377" asserts="0" description="psmux config">
            <results>
              <test-case description="sources the shared tmux config before enabling psmux-only settings" name="psmux config.sources the shared tmux config before enabling psmux-only settings" time="0.0137" asserts="0" success="True" result="Success" executed="True" />
              <test-case description="reloads the psmux wrapper from the shared reload binding" name="psmux config.reloads the psmux wrapper from the shared reload binding" time="0.003" asserts="0" success="True" result="Success" executed="True" />
              <test-case description="ignores the psmux wrapper on non-Windows platforms" name="psmux config.ignores the psmux wrapper on non-Windows platforms" time="0.0069" asserts="0" success="True" result="Success" executed="True" />
              <test-case description="uses source-file -q for the optional shared local tmux config" name="psmux config.uses source-file -q for the optional shared local tmux config" time="0.003" asserts="0" success="True" result="Success" executed="True" />
            </results>
          </test-suite>
        </results>
      </test-suite>
      <test-suite type="TestFixture" name="/home/kurone-kito/ghq/github.com/kurone-kito/dotfiles/tests/powershell/register-zellij-web.Tests.ps1" executed="True" result="Ignored" success="True" time="0.0601" asserts="0" description="/home/kurone-kito/ghq/github.com/kurone-kito/dotfiles/tests/powershell/register-zellij-web.Tests.ps1">
        <results>
          <test-suite type="TestFixture" name="register-zellij-web" executed="True" result="Ignored" success="True" time="0.0193" asserts="0" description="register-zellij-web">
            <results>
              <test-case description="builds the wrapper path under ~/.local/bin" name="register-zellij-web.builds the wrapper path under ~/.local/bin" time="0.0013" asserts="0" success="False" result="Ignored" executed="False" />
              <test-case description="prefers pwsh before Windows PowerShell" name="register-zellij-web.prefers pwsh before Windows PowerShell" time="0.0012" asserts="0" success="False" result="Ignored" executed="False" />
              <test-case description="registers an interactive logon task when autostart is enabled" name="register-zellij-web.registers an interactive logon task when autostart is enabled" time="0.001" asserts="0" success="False" result="Ignored" executed="False" />
              <test-case description="removes the task when autostart is disabled" name="register-zellij-web.removes the task when autostart is disabled" time="0.0015" asserts="0" success="False" result="Ignored" executed="False" />
              <test-case description="does nothing when disabling an already absent task" name="register-zellij-web.does nothing when disabling an already absent task" time="0.0017" asserts="0" success="False" result="Ignored" executed="False" />
              <test-case description="throws for unsupported autostart modes" name="register-zellij-web.throws for unsupported autostart modes" time="0.0014" asserts="0" success="False" result="Ignored" executed="False" />
            </results>
          </test-suite>
        </results>
      </test-suite>
      <test-suite type="TestFixture" name="/home/kurone-kito/ghq/github.com/kurone-kito/dotfiles/tests/powershell/secret-deploy-state.Tests.ps1" executed="True" result="Success" success="True" time="48.6232" asserts="0" description="/home/kurone-kito/ghq/github.com/kurone-kito/dotfiles/tests/powershell/secret-deploy-state.Tests.ps1">
        <results>
          <test-suite type="TestFixture" name="secret-deploy-state.ps1" executed="True" result="Success" success="True" time="48.5761" asserts="0" description="secret-deploy-state.ps1">
            <results>
              <test-case description="no args prints usage and exits 2" name="secret-deploy-state.ps1.no args prints usage and exits 2" time="3.2462" asserts="0" success="True" result="Success" executed="True" />
              <test-case description="--help exits 0" name="secret-deploy-state.ps1.--help exits 0" time="3.0456" asserts="0" success="True" result="Success" executed="True" />
              <test-case description="path subcommand prints default state path" name="secret-deploy-state.ps1.path subcommand prints default state path" time="4.789" asserts="0" success="True" result="Success" executed="True" />
              <test-case description="SECRET_DEPLOY_STATE override is honored" name="secret-deploy-state.ps1.SECRET_DEPLOY_STATE override is honored" time="3.0291" asserts="0" success="True" result="Success" executed="True" />
              <test-case description="record creates state file with sha256 matching content" name="secret-deploy-state.ps1.record creates state file with sha256 matching content" time="5.2771" asserts="0" success="True" result="Success" executed="True" />
              <test-case description="record upserts existing entry by path (no duplicates)" name="secret-deploy-state.ps1.record upserts existing entry by path (no duplicates)" time="10.2519" asserts="0" success="True" result="Success" executed="True" />
              <test-case description="record preserves entries for other paths" name="secret-deploy-state.ps1.record preserves entries for other paths" time="10.1732" asserts="0" success="True" result="Success" executed="True" />
              <test-case description="record on missing file is best-effort (exit 0, state untouched)" name="secret-deploy-state.ps1.record on missing file is best-effort (exit 0, state untouched)" time="3.2744" asserts="0" success="True" result="Success" executed="True" />
              <test-case description="record with relative path is best-effort skip" name="secret-deploy-state.ps1.record with relative path is best-effort skip" time="1.053" asserts="0" success="True" result="Success" executed="True" />
              <test-case description="record with too few args exits 2" name="secret-deploy-state.ps1.record with too few args exits 2" time="1.0137" asserts="0" success="True" result="Success" executed="True" />
              <test-case description="unknown subcommand exits 2" name="secret-deploy-state.ps1.unknown subcommand exits 2" time="3.4148" asserts="0" success="True" result="Success" executed="True" />
            </results>
          </test-suite>
        </results>
      </test-suite>
      <test-suite type="TestFixture" name="/home/kurone-kito/ghq/github.com/kurone-kito/dotfiles/tests/powershell/secret-status.Tests.ps1" executed="True" result="Success" success="True" time="108.9545" asserts="0" description="/home/kurone-kito/ghq/github.com/kurone-kito/dotfiles/tests/powershell/secret-status.Tests.ps1">
        <results>
          <test-suite type="TestFixture" name="secret-status.ps1" executed="True" result="Success" success="True" time="68.1886" asserts="0" description="secret-status.ps1">
            <results>
              <test-case description="exits 2 when manifest file is missing" name="secret-status.ps1.exits 2 when manifest file is missing" time="3.127" asserts="0" success="True" result="Success" executed="True" />
              <test-case description="exits 2 when manifest is invalid JSON" name="secret-status.ps1.exits 2 when manifest is invalid JSON" time="4.9111" asserts="0" success="True" result="Success" executed="True" />
              <test-case description="exits 0 when no deploy targets configured" name="secret-status.ps1.exits 0 when no deploy targets configured" time="5.089" asserts="0" success="True" result="Success" executed="True" />
              <test-case description="summary mode prints one-line counts" name="secret-status.ps1.summary mode prints one-line counts" time="4.8166" asserts="0" success="True" result="Success" executed="True" />
              <test-case description="json mode emits parseable JSON" name="secret-status.ps1.json mode emits parseable JSON" time="5.121" asserts="0" success="True" result="Success" executed="True" />
              <test-case description="secret file present with correct mode is OK" name="secret-status.ps1.secret file present with correct mode is OK" time="5.0563" asserts="0" success="True" result="Success" executed="True" />
              <test-case description="secret file with wrong mode is WARN" name="secret-status.ps1.secret file with wrong mode is WARN" time="5.1241" asserts="0" success="True" result="Success" executed="True" />
              <test-case description="secret file missing is MISSING" name="secret-status.ps1.secret file missing is MISSING" time="5.0707" asserts="0" success="True" result="Success" executed="True" />
              <test-case description="gpg without fingerprint is UNKNOWN" name="secret-status.ps1.gpg without fingerprint is UNKNOWN" time="4.9846" asserts="0" success="True" result="Success" executed="True" />
              <test-case description="env file UNKNOWN when ghq root unresolved" name="secret-status.ps1.env file UNKNOWN when ghq root unresolved" time="4.8877" asserts="0" success="True" result="Success" executed="True" />
              <test-case description="env file warns when filename not in .gitignore" name="secret-status.ps1.env file warns when filename not in .gitignore" time="5.0334" asserts="0" success="True" result="Success" executed="True" />
              <test-case description="env file OK when gitignore lists filename" name="secret-status.ps1.env file OK when gitignore lists filename" time="5.1849" asserts="0" success="True" result="Success" executed="True" />
              <test-case description="-NoColor suppresses ANSI even on TTY" name="secret-status.ps1.-NoColor suppresses ANSI even on TTY" time="4.9257" asserts="0" success="True" result="Success" executed="True" />
              <test-case description="NO_COLOR env disables ANSI" name="secret-status.ps1.NO_COLOR env disables ANSI" time="4.8483" asserts="0" success="True" result="Success" executed="True" />
            </results>
          </test-suite>
          <test-suite type="TestFixture" name="secret-status.ps1 DRIFT detection" executed="True" result="Success" success="True" time="108.8286" asserts="0" description="secret-status.ps1 DRIFT detection">
            <results>
              <test-case description="secret file with sha mismatch is promoted to DRIFT" name="secret-status.ps1 DRIFT detection.secret file with sha mismatch is promoted to DRIFT" time="5.3229" asserts="0" success="True" result="Success" executed="True" />
              <test-case description="secret file with matching sha stays OK" name="secret-status.ps1 DRIFT detection.secret file with matching sha stays OK" time="5.0147" asserts="0" success="True" result="Success" executed="True" />
              <test-case description="row stays OK when no state record exists for the path" name="secret-status.ps1 DRIFT detection.row stays OK when no state record exists for the path" time="4.8872" asserts="0" success="True" result="Success" executed="True" />
              <test-case description="WARN takes precedence over content drift" name="secret-status.ps1 DRIFT detection.WARN takes precedence over content drift" time="4.9283" asserts="0" success="True" result="Success" executed="True" />
              <test-case description="ssh key DRIFT detected when only the public key drifts" name="secret-status.ps1 DRIFT detection.ssh key DRIFT detected when only the public key drifts" time="5.1971" asserts="0" success="True" result="Success" executed="True" />
              <test-case description="summary mode includes DRIFT counter" name="secret-status.ps1 DRIFT detection.summary mode includes DRIFT counter" time="5.2833" asserts="0" success="True" result="Success" executed="True" />
              <test-case description="JSON mode emits status=DRIFT" name="secret-status.ps1 DRIFT detection.JSON mode emits status=DRIFT" time="5.0462" asserts="0" success="True" result="Success" executed="True" />
              <test-case description="SECRET_DEPLOY_STATE env override is honored" name="secret-status.ps1 DRIFT detection.SECRET_DEPLOY_STATE env override is honored" time="4.9511" asserts="0" success="True" result="Success" executed="True" />
            </results>
          </test-suite>
        </results>
      </test-suite>
      <test-suite type="TestFixture" name="/home/kurone-kito/ghq/github.com/kurone-kito/dotfiles/tests/powershell/set-openssh-default-shell.Tests.ps1" executed="True" result="Ignored" success="True" time="0.0575" asserts="0" description="/home/kurone-kito/ghq/github.com/kurone-kito/dotfiles/tests/powershell/set-openssh-default-shell.Tests.ps1">
        <results>
          <test-suite type="TestFixture" name="set-openssh-default-shell" executed="True" result="Ignored" success="True" time="0.0158" asserts="0" description="set-openssh-default-shell">
            <results>
              <test-case description="Test-DotfilesAdminElevation returns false for non-elevated session" name="set-openssh-default-shell.Test-DotfilesAdminElevation returns false for non-elevated session" time="0.0015" asserts="0" success="False" result="Ignored" executed="False" />
              <test-case description="Get-DotfilesPreferredShell finds pwsh when available" name="set-openssh-default-shell.Get-DotfilesPreferredShell finds pwsh when available" time="0.0008" asserts="0" success="False" result="Ignored" executed="False" />
              <test-case description="Get-DotfilesPreferredShell falls back to powershell when pwsh unavailable" name="set-openssh-default-shell.Get-DotfilesPreferredShell falls back to powershell when pwsh unavailable" time="0.0012" asserts="0" success="False" result="Ignored" executed="False" />
              <test-case description="Get-DotfilesPreferredShell throws when no shell available" name="set-openssh-default-shell.Get-DotfilesPreferredShell throws when no shell available" time="0.0011" asserts="0" success="False" result="Ignored" executed="False" />
              <test-case description="Set-DotfilesOpenSSHDefaultShell creates key and sets registry values" name="set-openssh-default-shell.Set-DotfilesOpenSSHDefaultShell creates key and sets registry values" time="0.0011" asserts="0" success="False" result="Ignored" executed="False" />
              <test-case description="Set-DotfilesOpenSSHDefaultShell skips key creation when it exists" name="set-openssh-default-shell.Set-DotfilesOpenSSHDefaultShell skips key creation when it exists" time="0.0009" asserts="0" success="False" result="Ignored" executed="False" />
              <test-case description="Reset-DotfilesOpenSSHDefaultShell removes registry values" name="set-openssh-default-shell.Reset-DotfilesOpenSSHDefaultShell removes registry values" time="0.001" asserts="0" success="False" result="Ignored" executed="False" />
              <test-case description="Reset-DotfilesOpenSSHDefaultShell does nothing when key is absent" name="set-openssh-default-shell.Reset-DotfilesOpenSSHDefaultShell does nothing when key is absent" time="0.0009" asserts="0" success="False" result="Ignored" executed="False" />
            </results>
          </test-suite>
        </results>
      </test-suite>
      <test-suite type="TestFixture" name="/home/kurone-kito/ghq/github.com/kurone-kito/dotfiles/tests/powershell/signing-resolve.Tests.ps1" executed="True" result="Success" success="True" time="8.8094" asserts="0" description="/home/kurone-kito/ghq/github.com/kurone-kito/dotfiles/tests/powershell/signing-resolve.Tests.ps1">
        <results>
          <test-suite type="TestFixture" name="signing-resolve" executed="True" result="Success" success="True" time="8.7404" asserts="0" description="signing-resolve">
            <results>
              <test-suite type="TestFixture" name="signing-resolve.git/config.tmpl" executed="True" result="Success" success="True" time="6.5649" asserts="0" description="signing-resolve.git/config.tmpl">
                <results>
                  <test-case description="no signing config emits no signing blocks" name="signing-resolve.git/config.tmpl.no signing config emits no signing blocks" time="0.7521" asserts="0" success="True" result="Success" executed="True" />
                  <test-case description="GPG-only renders legacy GPG signing blocks" name="signing-resolve.git/config.tmpl.GPG-only renders legacy GPG signing blocks" time="0.7427" asserts="0" success="True" result="Success" executed="True" />
                  <test-case description="SSH-only signing_fallback emits ssh format and absolute path key" name="signing-resolve.git/config.tmpl.SSH-only signing_fallback emits ssh format and absolute path key" time="0.7394" asserts="0" success="True" result="Success" executed="True" />
                  <test-case description="GPG fpr + signing_fallback keeps GPG primary, adds SSH aliases" name="signing-resolve.git/config.tmpl.GPG fpr + signing_fallback keeps GPG primary, adds SSH aliases" time="0.694" asserts="0" success="True" result="Success" executed="True" />
                  <test-case description="explicit signing_format=ssh forces SSH primary" name="signing-resolve.git/config.tmpl.explicit signing_format=ssh forces SSH primary" time="0.7512" asserts="0" success="True" result="Success" executed="True" />
                  <test-case description="legacy primary_signing field is rejected with rename hint" name="signing-resolve.git/config.tmpl.legacy primary_signing field is rejected with rename hint" time="0.6986" asserts="0" success="True" result="Success" executed="True" />
                  <test-case description="multiple signing_fallback keys fail" name="signing-resolve.git/config.tmpl.multiple signing_fallback keys fail" time="0.7188" asserts="0" success="True" result="Success" executed="True" />
                  <test-case description="signing_format=ssh without a fallback key fails" name="signing-resolve.git/config.tmpl.signing_format=ssh without a fallback key fails" time="0.7212" asserts="0" success="True" result="Success" executed="True" />
                  <test-case description="signing_profiles referencing unknown profile fails" name="signing-resolve.git/config.tmpl.signing_profiles referencing unknown profile fails" time="0.7389" asserts="0" success="True" result="Success" executed="True" />
                </results>
              </test-suite>
              <test-suite type="TestFixture" name="signing-resolve.generate-git-profiles.ps1.tmpl" executed="True" result="Success" success="True" time="8.7297" asserts="0" description="signing-resolve.generate-git-profiles.ps1.tmpl">
                <results>
                  <test-case description="GPG profile + signing_profiles keeps GPG primary, adds SSH aliases" name="signing-resolve.generate-git-profiles.ps1.tmpl.GPG profile + signing_profiles keeps GPG primary, adds SSH aliases" time="0.7266" asserts="0" success="True" result="Success" executed="True" />
                  <test-case description="SSH-only profile (no GPG signingkey) emits ssh format + aliases" name="signing-resolve.generate-git-profiles.ps1.tmpl.SSH-only profile (no GPG signingkey) emits ssh format + aliases" time="0.7303" asserts="0" success="True" result="Success" executed="True" />
                  <test-case description="GPG-only profile preserves legacy block (no aliases)" name="signing-resolve.generate-git-profiles.ps1.tmpl.GPG-only profile preserves legacy block (no aliases)" time="0.7005" asserts="0" success="True" result="Success" executed="True" />
                </results>
              </test-suite>
            </results>
          </test-suite>
        </results>
      </test-suite>
      <test-suite type="TestFixture" name="/home/kurone-kito/ghq/github.com/kurone-kito/dotfiles/tests/powershell/sync-openssh-authorized-keys.Tests.ps1" executed="True" result="Ignored" success="True" time="0.0488" asserts="0" description="/home/kurone-kito/ghq/github.com/kurone-kito/dotfiles/tests/powershell/sync-openssh-authorized-keys.Tests.ps1">
        <results>
          <test-suite type="TestFixture" name="sync-openssh-authorized-keys" executed="True" result="Ignored" success="True" time="0.0146" asserts="0" description="sync-openssh-authorized-keys">
            <results>
              <test-case description="Test-DotfilesAdminElevation returns false for non-elevated session" name="sync-openssh-authorized-keys.Test-DotfilesAdminElevation returns false for non-elevated session" time="0.0013" asserts="0" success="False" result="Ignored" executed="False" />
              <test-case description="Get-DotfilesAuthorizedKeysSource uses the default per-user path" name="sync-openssh-authorized-keys.Get-DotfilesAuthorizedKeysSource uses the default per-user path" time="0.001" asserts="0" success="False" result="Ignored" executed="False" />
              <test-case description="Sync-DotfilesAdministratorsAuthorizedKeys copies the file and resets ACLs" name="sync-openssh-authorized-keys.Sync-DotfilesAdministratorsAuthorizedKeys copies the file and resets ACLs" time="0.0009" asserts="0" success="False" result="Ignored" executed="False" />
              <test-case description="Sync-DotfilesAdministratorsAuthorizedKeys throws when the source file is missing" name="sync-openssh-authorized-keys.Sync-DotfilesAdministratorsAuthorizedKeys throws when the source file is missing" time="0.0045" asserts="0" success="False" result="Ignored" executed="False" />
            </results>
          </test-suite>
        </results>
      </test-suite>
      <test-suite type="TestFixture" name="/home/kurone-kito/ghq/github.com/kurone-kito/dotfiles/tests/powershell/zellij-web-assets.Tests.ps1" executed="True" result="Success" success="True" time="0.1757" asserts="0" description="/home/kurone-kito/ghq/github.com/kurone-kito/dotfiles/tests/powershell/zellij-web-assets.Tests.ps1">
        <results>
          <test-suite type="TestFixture" name="zellij web assets" executed="True" result="Success" success="True" time="0.1155" asserts="0" description="zellij web assets">
            <results>
              <test-case description="configures zellij web bind, port, sharing, and localhost https toggle" name="zellij web assets.configures zellij web bind, port, sharing, and localhost https toggle" time="0.01" asserts="0" success="True" result="Success" executed="True" />
              <test-case description="uses non-trimming template syntax for variable assignments near web_client" name="zellij web assets.uses non-trimming template syntax for variable assignments near web_client" time="0.0193" asserts="0" success="True" result="Success" executed="True" />
              <test-case description="exposes simplified_ui as a configurable template option" name="zellij web assets.exposes simplified_ui as a configurable template option" time="0.0038" asserts="0" success="True" result="Success" executed="True" />
              <test-case description="exposes web_client font and cursor settings as configurable template options" name="zellij web assets.exposes web_client font and cursor settings as configurable template options" time="0.014" asserts="0" success="True" result="Success" executed="True" />
              <test-case description="documents simplified_ui and web_client settings in the chezmoi config template" name="zellij web assets.documents simplified_ui and web_client settings in the chezmoi config template" time="0.0071" asserts="0" success="True" result="Success" executed="True" />
              <test-case description="keeps certificate and key comment blocks on their own template lines" name="zellij web assets.keeps certificate and key comment blocks on their own template lines" time="0.0038" asserts="0" success="True" result="Success" executed="True" />
              <test-case description="documents tailscale publication knobs in the chezmoi config template" name="zellij web assets.documents tailscale publication knobs in the chezmoi config template" time="0.0122" asserts="0" success="True" result="Success" executed="True" />
              <test-case description="ignores platform-specific zellij artifacts on unsupported platforms" name="zellij web assets.ignores platform-specific zellij artifacts on unsupported platforms" time="0.005" asserts="0" success="True" result="Success" executed="True" />
              <test-case description="provides a Unix ensure wrapper with foreground support" name="zellij web assets.provides a Unix ensure wrapper with foreground support" time="0.0066" asserts="0" success="True" result="Success" executed="True" />
              <test-case description="defines a Linux systemd user service for zellij web" name="zellij web assets.defines a Linux systemd user service for zellij web" time="0.0038" asserts="0" success="True" result="Success" executed="True" />
              <test-case description="defines a macOS LaunchAgent for zellij web" name="zellij web assets.defines a macOS LaunchAgent for zellij web" time="0.0104" asserts="0" success="True" result="Success" executed="True" />
              <test-case description="hashes the Windows wrapper from the chezmoi source template path" name="zellij web assets.hashes the Windows wrapper from the chezmoi source template path" time="0.0041" asserts="0" success="True" result="Success" executed="True" />
              <test-case description="uses systemctl on Linux and launchctl on macOS in the Unix registration script" name="zellij web assets.uses systemctl on Linux and launchctl on macOS in the Unix registration script" time="0.0065" asserts="0" success="True" result="Success" executed="True" />
            </results>
          </test-suite>
        </results>
      </test-suite>
    </results>
  </test-suite>
</test-results>